<?xml version="1.0" encoding="UTF-8"?>
<!-- Generated by org.testng.reporters.JUnitXMLReporter -->
<testsuite ignored="0" hostname="LAPTOP-1FSN1JQJ" failures="0" tests="5" name="Default test" time="24.662" errors="0" timestamp="2021-05-09T13:51:46 EDT">
  <testcase classname="TestCases.LoginTest" name="tc_34_validateLogin" time="5.71"/>
  <testcase classname="TestCases.LoginTest" name="tc_35_blankUserNameField" time="0.409"/>
  <testcase classname="TestCases.LoginTest" name="tc_36_blanPasswordNameField" time="0.562"/>
  <testcase classname="TestCases.LoginTest" name="tc_37_invalidEmailAddressField" time="0.32"/>
  <testcase classname="TestCases.LoginTest" name="tc_38_invalidPasswordField" time="0.455"/>
</testsuite> <!-- Default test -->
