<?xml version="1.0" encoding="UTF-8"?>
<testng-results ignored="0" total="5" passed="5" failed="0" skipped="0">
  <reporter-output>
  </reporter-output>
  <suite started-at="2021-05-09T13:51:21 EDT" name="Default suite" finished-at="2021-05-09T13:51:46 EDT" duration-ms="24662">
    <groups>
    </groups>
    <test started-at="2021-05-09T13:51:21 EDT" name="Default test" finished-at="2021-05-09T13:51:46 EDT" duration-ms="24662">
      <class name="TestCases.LoginTest">
        <test-method is-config="true" signature="init()[pri:0, instance:TestCases.LoginTest@3f6f6701]" started-at="2021-05-09T13:51:21 EDT" name="init" finished-at="2021-05-09T13:51:25 EDT" duration-ms="3850" status="PASS">
          <reporter-output>
          </reporter-output>
        </test-method> <!-- init -->
        <test-method signature="tc_34_validateLogin()[pri:0, instance:TestCases.LoginTest@3f6f6701]" started-at="2021-05-09T13:51:25 EDT" name="tc_34_validateLogin" description="TC_34 To validate if user is able to login successfully" finished-at="2021-05-09T13:51:31 EDT" duration-ms="5710" status="PASS">
          <reporter-output>
          </reporter-output>
        </test-method> <!-- tc_34_validateLogin -->
        <test-method is-config="true" signature="tearDown()[pri:0, instance:TestCases.LoginTest@3f6f6701]" started-at="2021-05-09T13:51:31 EDT" name="tearDown" finished-at="2021-05-09T13:51:32 EDT" duration-ms="999" status="PASS">
          <reporter-output>
          </reporter-output>
        </test-method> <!-- tearDown -->
        <test-method is-config="true" signature="init()[pri:0, instance:TestCases.LoginTest@3f6f6701]" started-at="2021-05-09T13:51:32 EDT" name="init" finished-at="2021-05-09T13:51:34 EDT" duration-ms="2206" status="PASS">
          <reporter-output>
          </reporter-output>
        </test-method> <!-- init -->
        <test-method signature="tc_35_blankUserNameField()[pri:0, instance:TestCases.LoginTest@3f6f6701]" started-at="2021-05-09T13:51:34 EDT" name="tc_35_blankUserNameField" description="TC_35 To verify that user see a warning message if left the username field blank" finished-at="2021-05-09T13:51:35 EDT" duration-ms="409" status="PASS">
          <reporter-output>
          </reporter-output>
        </test-method> <!-- tc_35_blankUserNameField -->
        <test-method is-config="true" signature="tearDown()[pri:0, instance:TestCases.LoginTest@3f6f6701]" started-at="2021-05-09T13:51:35 EDT" name="tearDown" finished-at="2021-05-09T13:51:35 EDT" duration-ms="675" status="PASS">
          <reporter-output>
          </reporter-output>
        </test-method> <!-- tearDown -->
        <test-method is-config="true" signature="init()[pri:0, instance:TestCases.LoginTest@3f6f6701]" started-at="2021-05-09T13:51:35 EDT" name="init" finished-at="2021-05-09T13:51:38 EDT" duration-ms="2187" status="PASS">
          <reporter-output>
          </reporter-output>
        </test-method> <!-- init -->
        <test-method signature="tc_36_blanPasswordNameField()[pri:0, instance:TestCases.LoginTest@3f6f6701]" started-at="2021-05-09T13:51:38 EDT" name="tc_36_blanPasswordNameField" description="TC_36 To verify that user see a warning message if left the Password field blank" finished-at="2021-05-09T13:51:38 EDT" duration-ms="562" status="PASS">
          <reporter-output>
          </reporter-output>
        </test-method> <!-- tc_36_blanPasswordNameField -->
        <test-method is-config="true" signature="tearDown()[pri:0, instance:TestCases.LoginTest@3f6f6701]" started-at="2021-05-09T13:51:38 EDT" name="tearDown" finished-at="2021-05-09T13:51:39 EDT" duration-ms="656" status="PASS">
          <reporter-output>
          </reporter-output>
        </test-method> <!-- tearDown -->
        <test-method is-config="true" signature="init()[pri:0, instance:TestCases.LoginTest@3f6f6701]" started-at="2021-05-09T13:51:39 EDT" name="init" finished-at="2021-05-09T13:51:42 EDT" duration-ms="3049" status="PASS">
          <reporter-output>
          </reporter-output>
        </test-method> <!-- init -->
        <test-method signature="tc_37_invalidEmailAddressField()[pri:0, instance:TestCases.LoginTest@3f6f6701]" started-at="2021-05-09T13:51:42 EDT" name="tc_37_invalidEmailAddressField" description="TC_37 To verify that user see a warning message if enter Invalid email Address" finished-at="2021-05-09T13:51:42 EDT" duration-ms="320" status="PASS">
          <reporter-output>
          </reporter-output>
        </test-method> <!-- tc_37_invalidEmailAddressField -->
        <test-method is-config="true" signature="tearDown()[pri:0, instance:TestCases.LoginTest@3f6f6701]" started-at="2021-05-09T13:51:42 EDT" name="tearDown" finished-at="2021-05-09T13:51:43 EDT" duration-ms="653" status="PASS">
          <reporter-output>
          </reporter-output>
        </test-method> <!-- tearDown -->
        <test-method is-config="true" signature="init()[pri:0, instance:TestCases.LoginTest@3f6f6701]" started-at="2021-05-09T13:51:43 EDT" name="init" finished-at="2021-05-09T13:51:45 EDT" duration-ms="2132" status="PASS">
          <reporter-output>
          </reporter-output>
        </test-method> <!-- init -->
        <test-method signature="tc_38_invalidPasswordField()[pri:0, instance:TestCases.LoginTest@3f6f6701]" started-at="2021-05-09T13:51:45 EDT" name="tc_38_invalidPasswordField" description="TC_38 To verify that user see a warning message if enter Password less then 6 char" finished-at="2021-05-09T13:51:45 EDT" duration-ms="455" status="PASS">
          <reporter-output>
          </reporter-output>
        </test-method> <!-- tc_38_invalidPasswordField -->
        <test-method is-config="true" signature="tearDown()[pri:0, instance:TestCases.LoginTest@3f6f6701]" started-at="2021-05-09T13:51:45 EDT" name="tearDown" finished-at="2021-05-09T13:51:46 EDT" duration-ms="654" status="PASS">
          <reporter-output>
          </reporter-output>
        </test-method> <!-- tearDown -->
      </class> <!-- TestCases.LoginTest -->
    </test> <!-- Default test -->
  </suite> <!-- Default suite -->
</testng-results>
